13:50:46.000 [main] INFO  com.haiyoung.hyweb.HyWebApplication - Starting HyWebApplication on haiyoung with PID 30571 (/home/haiyoung/IdeaProjects/HyProject/hy-web/target/classes started by haiyoung in /home/haiyoung/IdeaProjects/HyProject)
13:50:46.004 [main] DEBUG com.haiyoung.hyweb.HyWebApplication - Running with Spring Boot v1.5.8.RELEASE, Spring v4.3.12.RELEASE
13:50:46.004 [main] INFO  com.haiyoung.hyweb.HyWebApplication - The following profiles are active: dev
13:50:52.067 [main] INFO  com.haiyoung.hyweb.HyWebApplication - Started HyWebApplication in 7.229 seconds (JVM running for 11.753)
13:51:00.499 [http-nio-8080-exec-3] ERROR com.haiyoung.hyweb.web.controller.LoginController - login page!
16:50:53.904 [http-nio-8080-exec-8] ERROR com.haiyoung.hyweb.web.controller.LoginController - login page!
16:59:52.402 [main] INFO  com.haiyoung.hyweb.HyWebApplication - Starting HyWebApplication on haiyoung with PID 24205 (/home/haiyoung/IdeaProjects/HyProject/hy-web/target/classes started by haiyoung in /home/haiyoung/IdeaProjects/HyProject)
16:59:52.407 [main] DEBUG com.haiyoung.hyweb.HyWebApplication - Running with Spring Boot v1.5.8.RELEASE, Spring v4.3.12.RELEASE
16:59:52.407 [main] INFO  com.haiyoung.hyweb.HyWebApplication - The following profiles are active: dev
16:59:58.192 [main] INFO  com.haiyoung.hyweb.HyWebApplication - Started HyWebApplication in 7.067 seconds (JVM running for 8.946)
17:00:16.123 [http-nio-8080-exec-1] ERROR com.haiyoung.hyweb.web.controller.LoginController - login page!
17:03:24.934 [main] INFO  com.haiyoung.hyweb.HyWebApplication - Starting HyWebApplication on haiyoung with PID 24759 (/home/haiyoung/IdeaProjects/HyProject/hy-web/target/classes started by haiyoung in /home/haiyoung/IdeaProjects/HyProject)
17:03:24.943 [main] DEBUG com.haiyoung.hyweb.HyWebApplication - Running with Spring Boot v1.5.8.RELEASE, Spring v4.3.12.RELEASE
17:03:24.944 [main] INFO  com.haiyoung.hyweb.HyWebApplication - The following profiles are active: dev
17:03:30.613 [main] INFO  com.haiyoung.hyweb.HyWebApplication - Started HyWebApplication in 7.16 seconds (JVM running for 9.21)
17:07:33.797 [main] INFO  com.haiyoung.hyweb.HyWebApplication - Starting HyWebApplication on haiyoung with PID 25912 (/home/haiyoung/IdeaProjects/HyProject/hy-web/target/classes started by haiyoung in /home/haiyoung/IdeaProjects/HyProject)
17:07:33.806 [main] DEBUG com.haiyoung.hyweb.HyWebApplication - Running with Spring Boot v1.5.8.RELEASE, Spring v4.3.12.RELEASE
17:07:33.807 [main] INFO  com.haiyoung.hyweb.HyWebApplication - The following profiles are active: dev
17:07:39.477 [main] INFO  com.haiyoung.hyweb.HyWebApplication - Started HyWebApplication in 6.839 seconds (JVM running for 8.656)
17:08:55.034 [http-nio-8080-exec-3] ERROR com.haiyoung.hyweb.web.controller.LoginController - login page!
17:10:20.153 [main] INFO  com.haiyoung.hyweb.HyWebApplication - Starting HyWebApplication on haiyoung with PID 26765 (/home/haiyoung/IdeaProjects/HyProject/hy-web/target/classes started by haiyoung in /home/haiyoung/IdeaProjects/HyProject)
17:10:20.167 [main] DEBUG com.haiyoung.hyweb.HyWebApplication - Running with Spring Boot v1.5.8.RELEASE, Spring v4.3.12.RELEASE
17:10:20.168 [main] INFO  com.haiyoung.hyweb.HyWebApplication - The following profiles are active: dev
17:10:25.944 [main] INFO  com.haiyoung.hyweb.HyWebApplication - Started HyWebApplication in 6.872 seconds (JVM running for 8.98)
17:11:14.890 [main] INFO  com.haiyoung.hyweb.HyWebApplication - Starting HyWebApplication on haiyoung with PID 27162 (/home/haiyoung/IdeaProjects/HyProject/hy-web/target/classes started by haiyoung in /home/haiyoung/IdeaProjects/HyProject)
17:11:14.898 [main] DEBUG com.haiyoung.hyweb.HyWebApplication - Running with Spring Boot v1.5.8.RELEASE, Spring v4.3.12.RELEASE
17:11:14.898 [main] INFO  com.haiyoung.hyweb.HyWebApplication - The following profiles are active: dev
17:11:20.633 [main] INFO  com.haiyoung.hyweb.HyWebApplication - Started HyWebApplication in 6.877 seconds (JVM running for 8.722)
17:13:42.104 [main] INFO  com.haiyoung.hyweb.HyWebApplication - Starting HyWebApplication on haiyoung with PID 27759 (/home/haiyoung/IdeaProjects/HyProject/hy-web/target/classes started by haiyoung in /home/haiyoung/IdeaProjects/HyProject)
17:13:42.128 [main] DEBUG com.haiyoung.hyweb.HyWebApplication - Running with Spring Boot v1.5.8.RELEASE, Spring v4.3.12.RELEASE
17:13:42.129 [main] INFO  com.haiyoung.hyweb.HyWebApplication - The following profiles are active: dev
17:13:47.901 [main] INFO  com.haiyoung.hyweb.HyWebApplication - Started HyWebApplication in 6.951 seconds (JVM running for 8.819)
17:30:31.557 [main] INFO  com.haiyoung.hyweb.HyWebApplication - Starting HyWebApplication on haiyoung with PID 1203 (/home/haiyoung/IdeaProjects/HyProject/hy-web/target/classes started by haiyoung in /home/haiyoung/IdeaProjects/HyProject)
17:30:31.562 [main] DEBUG com.haiyoung.hyweb.HyWebApplication - Running with Spring Boot v1.5.8.RELEASE, Spring v4.3.12.RELEASE
17:30:31.563 [main] INFO  com.haiyoung.hyweb.HyWebApplication - The following profiles are active: dev
17:30:37.256 [main] INFO  com.haiyoung.hyweb.HyWebApplication - Started HyWebApplication in 7.251 seconds (JVM running for 9.266)
17:31:14.521 [main] INFO  com.haiyoung.hyweb.HyWebApplication - Starting HyWebApplication on haiyoung with PID 1766 (/home/haiyoung/IdeaProjects/HyProject/hy-web/target/classes started by haiyoung in /home/haiyoung/IdeaProjects/HyProject)
17:31:14.526 [main] DEBUG com.haiyoung.hyweb.HyWebApplication - Running with Spring Boot v1.5.8.RELEASE, Spring v4.3.12.RELEASE
17:31:14.527 [main] INFO  com.haiyoung.hyweb.HyWebApplication - The following profiles are active: dev
17:31:20.545 [main] INFO  com.haiyoung.hyweb.HyWebApplication - Started HyWebApplication in 7.248 seconds (JVM running for 9.103)
17:32:14.163 [main] INFO  com.haiyoung.hyweb.HyWebApplication - Starting HyWebApplication on haiyoung with PID 2347 (/home/haiyoung/IdeaProjects/HyProject/hy-web/target/classes started by haiyoung in /home/haiyoung/IdeaProjects/HyProject)
17:32:14.280 [main] DEBUG com.haiyoung.hyweb.HyWebApplication - Running with Spring Boot v1.5.8.RELEASE, Spring v4.3.12.RELEASE
17:32:14.282 [main] INFO  com.haiyoung.hyweb.HyWebApplication - The following profiles are active: dev
17:32:20.139 [main] INFO  com.haiyoung.hyweb.HyWebApplication - Started HyWebApplication in 7.046 seconds (JVM running for 8.978)
