16:21:08.129 [main] INFO  com.haiyoung.hyweb.HyWebApplication - Starting HyWebApplication on haiyoung with PID 28638 (/home/haiyoung/IdeaProjects/HyProject/hy-web/target/classes started by haiyoung in /home/haiyoung/IdeaProjects/HyProject)
16:21:08.143 [main] DEBUG com.haiyoung.hyweb.HyWebApplication - Running with Spring Boot v1.5.8.RELEASE, Spring v4.3.12.RELEASE
16:21:08.143 [main] INFO  com.haiyoung.hyweb.HyWebApplication - The following profiles are active: dev
16:21:15.538 [main] INFO  com.haiyoung.hyweb.HyWebApplication - Started HyWebApplication in 8.712 seconds (JVM running for 11.66)
16:36:43.827 [http-nio-8080-exec-1] ERROR com.haiyoung.hyweb.web.controller.LoginController - login page!
17:33:34.681 [main] INFO  com.haiyoung.hyweb.HyWebApplication - Starting HyWebApplication on haiyoung with PID 10818 (/home/haiyoung/IdeaProjects/HyProject/hy-web/target/classes started by haiyoung in /home/haiyoung/IdeaProjects/HyProject)
17:33:34.692 [main] DEBUG com.haiyoung.hyweb.HyWebApplication - Running with Spring Boot v1.5.8.RELEASE, Spring v4.3.12.RELEASE
17:33:34.693 [main] INFO  com.haiyoung.hyweb.HyWebApplication - The following profiles are active: dev
17:33:40.639 [main] INFO  com.haiyoung.hyweb.HyWebApplication - Started HyWebApplication in 7.236 seconds (JVM running for 9.183)
17:34:05.136 [http-nio-8080-exec-1] ERROR com.haiyoung.hyweb.web.controller.LoginController - login page!
17:51:23.346 [main] INFO  com.haiyoung.hyweb.HyWebApplication - Starting HyWebApplication on haiyoung with PID 13913 (/home/haiyoung/IdeaProjects/HyProject/hy-web/target/classes started by haiyoung in /home/haiyoung/IdeaProjects/HyProject)
17:51:23.351 [main] DEBUG com.haiyoung.hyweb.HyWebApplication - Running with Spring Boot v1.5.8.RELEASE, Spring v4.3.12.RELEASE
17:51:23.352 [main] INFO  com.haiyoung.hyweb.HyWebApplication - The following profiles are active: dev
17:51:28.826 [main] INFO  com.haiyoung.hyweb.HyWebApplication - Started HyWebApplication in 6.711 seconds (JVM running for 9.328)
17:52:07.830 [http-nio-8080-exec-1] ERROR com.haiyoung.hyweb.web.controller.LoginController - login page!
22:26:04.220 [main] INFO  com.haiyoung.hyweb.HyWebApplication - Starting HyWebApplication on Haiyoung with PID 9176 (E:\IDEA_Project\HyProject\hy-web\target\classes started by Haiyoung in E:\IDEA_Project\HyProject)
22:26:04.224 [main] DEBUG com.haiyoung.hyweb.HyWebApplication - Running with Spring Boot v1.5.8.RELEASE, Spring v4.3.12.RELEASE
22:26:04.224 [main] INFO  com.haiyoung.hyweb.HyWebApplication - The following profiles are active: dev
22:26:07.955 [main] INFO  com.haiyoung.hyweb.HyWebApplication - Started HyWebApplication in 4.315 seconds (JVM running for 5.054)
22:26:20.787 [http-nio-8080-exec-1] ERROR com.haiyoung.hyweb.web.controller.LoginController - login page!
22:27:49.651 [http-nio-8080-exec-8] ERROR com.haiyoung.hyweb.web.controller.LoginController - login page!
22:27:54.108 [http-nio-8080-exec-9] ERROR com.haiyoung.hyweb.web.controller.LoginController - login page!
22:28:09.149 [main] INFO  com.haiyoung.hyweb.HyWebApplication - Starting HyWebApplication on Haiyoung with PID 9692 (E:\IDEA_Project\HyProject\hy-web\target\classes started by Haiyoung in E:\IDEA_Project\HyProject)
22:28:09.152 [main] DEBUG com.haiyoung.hyweb.HyWebApplication - Running with Spring Boot v1.5.8.RELEASE, Spring v4.3.12.RELEASE
22:28:09.152 [main] INFO  com.haiyoung.hyweb.HyWebApplication - The following profiles are active: dev
22:28:12.322 [main] INFO  com.haiyoung.hyweb.HyWebApplication - Started HyWebApplication in 3.663 seconds (JVM running for 4.244)
22:28:15.647 [http-nio-8080-exec-2] ERROR com.haiyoung.hyweb.web.controller.LoginController - login page!
22:32:59.050 [http-nio-8080-exec-4] ERROR com.haiyoung.hyweb.web.controller.LoginController - login page!
22:33:01.823 [http-nio-8080-exec-5] ERROR com.haiyoung.hyweb.web.controller.LoginController - login page!
22:33:07.072 [main] INFO  com.haiyoung.hyweb.HyWebApplication - Starting HyWebApplication on Haiyoung with PID 9256 (E:\IDEA_Project\HyProject\hy-web\target\classes started by Haiyoung in E:\IDEA_Project\HyProject)
22:33:07.075 [main] DEBUG com.haiyoung.hyweb.HyWebApplication - Running with Spring Boot v1.5.8.RELEASE, Spring v4.3.12.RELEASE
22:33:07.076 [main] INFO  com.haiyoung.hyweb.HyWebApplication - The following profiles are active: dev
22:33:10.409 [main] INFO  com.haiyoung.hyweb.HyWebApplication - Started HyWebApplication in 3.807 seconds (JVM running for 4.253)
22:33:13.887 [http-nio-8080-exec-1] ERROR com.haiyoung.hyweb.web.controller.LoginController - login page!
22:33:16.990 [http-nio-8080-exec-2] ERROR com.haiyoung.hyweb.web.controller.LoginController - login page!
22:34:09.710 [http-nio-8080-exec-3] ERROR com.haiyoung.hyweb.web.controller.LoginController - login page!
22:34:14.751 [main] INFO  com.haiyoung.hyweb.HyWebApplication - Starting HyWebApplication on Haiyoung with PID 9956 (E:\IDEA_Project\HyProject\hy-web\target\classes started by Haiyoung in E:\IDEA_Project\HyProject)
22:34:14.754 [main] DEBUG com.haiyoung.hyweb.HyWebApplication - Running with Spring Boot v1.5.8.RELEASE, Spring v4.3.12.RELEASE
22:34:14.754 [main] INFO  com.haiyoung.hyweb.HyWebApplication - The following profiles are active: dev
22:34:18.286 [main] INFO  com.haiyoung.hyweb.HyWebApplication - Started HyWebApplication in 4.039 seconds (JVM running for 4.526)
22:34:21.158 [http-nio-8080-exec-1] ERROR com.haiyoung.hyweb.web.controller.LoginController - login page!
22:34:48.735 [main] INFO  com.haiyoung.hyweb.HyWebApplication - Starting HyWebApplication on Haiyoung with PID 10040 (E:\IDEA_Project\HyProject\hy-web\target\classes started by Haiyoung in E:\IDEA_Project\HyProject)
22:34:48.751 [main] DEBUG com.haiyoung.hyweb.HyWebApplication - Running with Spring Boot v1.5.8.RELEASE, Spring v4.3.12.RELEASE
22:34:48.751 [main] INFO  com.haiyoung.hyweb.HyWebApplication - The following profiles are active: dev
22:34:51.912 [main] INFO  com.haiyoung.hyweb.HyWebApplication - Started HyWebApplication in 3.658 seconds (JVM running for 4.185)
22:34:55.255 [http-nio-8080-exec-1] ERROR com.haiyoung.hyweb.web.controller.LoginController - login page!
22:37:40.890 [main] INFO  com.haiyoung.hyweb.HyWebApplication - Starting HyWebApplication on Haiyoung with PID 11800 (E:\IDEA_Project\HyProject\hy-web\target\classes started by Haiyoung in E:\IDEA_Project\HyProject)
22:37:40.893 [main] DEBUG com.haiyoung.hyweb.HyWebApplication - Running with Spring Boot v1.5.8.RELEASE, Spring v4.3.12.RELEASE
22:37:40.893 [main] INFO  com.haiyoung.hyweb.HyWebApplication - The following profiles are active: dev
22:37:44.124 [main] INFO  com.haiyoung.hyweb.HyWebApplication - Started HyWebApplication in 3.71 seconds (JVM running for 4.17)
22:37:49.711 [http-nio-8080-exec-1] ERROR com.haiyoung.hyweb.web.controller.LoginController - login page!
22:46:13.671 [main] INFO  com.haiyoung.hyweb.HyWebApplication - Starting HyWebApplication on Haiyoung with PID 8512 (E:\IDEA_Project\HyProject\hy-web\target\classes started by Haiyoung in E:\IDEA_Project\HyProject)
22:46:13.675 [main] DEBUG com.haiyoung.hyweb.HyWebApplication - Running with Spring Boot v1.5.8.RELEASE, Spring v4.3.12.RELEASE
22:46:13.676 [main] INFO  com.haiyoung.hyweb.HyWebApplication - The following profiles are active: dev
22:46:17.255 [main] INFO  com.haiyoung.hyweb.HyWebApplication - Started HyWebApplication in 4.11 seconds (JVM running for 4.645)
22:46:19.252 [http-nio-8080-exec-1] ERROR com.haiyoung.hyweb.web.controller.LoginController - login page!
22:51:06.071 [main] INFO  com.haiyoung.hyweb.HyWebApplication - Starting HyWebApplication on Haiyoung with PID 7612 (E:\IDEA_Project\HyProject\hy-web\target\classes started by Haiyoung in E:\IDEA_Project\HyProject)
22:51:06.075 [main] DEBUG com.haiyoung.hyweb.HyWebApplication - Running with Spring Boot v1.5.8.RELEASE, Spring v4.3.12.RELEASE
22:51:06.075 [main] INFO  com.haiyoung.hyweb.HyWebApplication - The following profiles are active: dev
22:51:09.235 [main] INFO  com.haiyoung.hyweb.HyWebApplication - Started HyWebApplication in 3.636 seconds (JVM running for 4.153)
22:51:12.321 [http-nio-8080-exec-1] ERROR com.haiyoung.hyweb.web.controller.LoginController - login page!
22:53:40.853 [main] INFO  com.haiyoung.hyweb.HyWebApplication - Starting HyWebApplication on Haiyoung with PID 9868 (E:\IDEA_Project\HyProject\hy-web\target\classes started by Haiyoung in E:\IDEA_Project\HyProject)
22:53:40.856 [main] DEBUG com.haiyoung.hyweb.HyWebApplication - Running with Spring Boot v1.5.8.RELEASE, Spring v4.3.12.RELEASE
22:53:40.856 [main] INFO  com.haiyoung.hyweb.HyWebApplication - The following profiles are active: dev
22:53:44.271 [main] INFO  com.haiyoung.hyweb.HyWebApplication - Started HyWebApplication in 3.898 seconds (JVM running for 4.38)
22:53:46.931 [http-nio-8080-exec-2] ERROR com.haiyoung.hyweb.web.controller.LoginController - login page!
22:53:53.802 [http-nio-8080-exec-1] ERROR com.haiyoung.hyweb.web.controller.LoginController - login page!
22:54:36.210 [main] INFO  com.haiyoung.hyweb.HyWebApplication - Starting HyWebApplication on Haiyoung with PID 7160 (E:\IDEA_Project\HyProject\hy-web\target\classes started by Haiyoung in E:\IDEA_Project\HyProject)
22:54:36.213 [main] DEBUG com.haiyoung.hyweb.HyWebApplication - Running with Spring Boot v1.5.8.RELEASE, Spring v4.3.12.RELEASE
22:54:36.213 [main] INFO  com.haiyoung.hyweb.HyWebApplication - The following profiles are active: dev
22:54:39.794 [main] INFO  com.haiyoung.hyweb.HyWebApplication - Started HyWebApplication in 4.051 seconds (JVM running for 4.668)
22:54:42.962 [http-nio-8080-exec-1] ERROR com.haiyoung.hyweb.web.controller.LoginController - login page!
22:56:17.512 [http-nio-8080-exec-2] ERROR com.haiyoung.hyweb.web.controller.LoginController - login page!
22:56:33.811 [http-nio-8080-exec-4] ERROR com.haiyoung.hyweb.web.controller.LoginController - login page!
22:56:37.135 [http-nio-8080-exec-6] ERROR com.haiyoung.hyweb.web.controller.LoginController - login page!
22:56:51.836 [http-nio-8080-exec-5] ERROR com.haiyoung.hyweb.web.controller.LoginController - login page!
22:56:57.238 [http-nio-8080-exec-7] ERROR com.haiyoung.hyweb.web.controller.LoginController - login page!
22:57:03.226 [main] INFO  com.haiyoung.hyweb.HyWebApplication - Starting HyWebApplication on Haiyoung with PID 8868 (E:\IDEA_Project\HyProject\hy-web\target\classes started by Haiyoung in E:\IDEA_Project\HyProject)
22:57:03.229 [main] DEBUG com.haiyoung.hyweb.HyWebApplication - Running with Spring Boot v1.5.8.RELEASE, Spring v4.3.12.RELEASE
22:57:03.229 [main] INFO  com.haiyoung.hyweb.HyWebApplication - The following profiles are active: dev
22:57:06.640 [main] INFO  com.haiyoung.hyweb.HyWebApplication - Started HyWebApplication in 3.884 seconds (JVM running for 4.373)
22:57:09.773 [http-nio-8080-exec-1] ERROR com.haiyoung.hyweb.web.controller.LoginController - login page!
